# JRE version: Java(TM) SE Runtime Environment (8.0_45-b15) (build 1.8.0_45-b15)
# Java VM: Java HotSpot(TM) 64-Bit Server VM (25.45-b02 mixed mode windows-amd64 compressed oops)
Heap:
 PSYoungGen      total 462336K, used 45675K [0x00000000d5b00000, 0x0000000100000000, 0x0000000100000000)
  eden space 231424K, 19% used [0x00000000d5b00000,0x00000000d879ad80,0x00000000e3d00000)
  from space 230912K, 0% used [0x00000000f1e80000,0x00000000f1e80000,0x0000000100000000)
  to   space 230912K, 0% used [0x00000000e3d00000,0x00000000e3d00000,0x00000000f1e80000)
 ParOldGen       total 1387520K, used 1293876K [0x0000000081000000, 0x00000000d5b00000, 0x00000000d5b00000)
  object space 1387520K, 93% used [0x0000000081000000,0x00000000cff8d0b8,0x00000000d5b00000)
 Metaspace       used 25039K, capacity 25552K, committed 25728K, reserved 1073152K
  class space    used 2167K, capacity 2393K, committed 2432K, reserved 1048576K
GC Heap History (10 events):
Event: 535.904 GC heap before
{Heap before GC invocations=134 (full 39):
 PSYoungGen      total 462336K, used 222412K [0x00000000d5b00000, 0x0000000100000000, 0x0000000100000000)
  eden space 231424K, 96% used [0x00000000d5b00000,0x00000000e3433268,0x00000000e3d00000)
  from space 230912K, 0% used [0x00000000e3d00000,0x00000000e3d00000,0x00000000f1e80000)
  to   space 230912K, 0% used [0x00000000f1e80000,0x00000000f1e80000,0x0000000100000000)
 ParOldGen       total 1387520K, used 1385001K [0x0000000081000000, 0x00000000d5b00000, 0x00000000d5b00000)
  object space 1387520K, 99% used [0x0000000081000000,0x00000000d588a418,0x00000000d5b00000)
 Metaspace       used 24976K, capacity 25456K, committed 25728K, reserved 1073152K
  class space    used 2159K, capacity 2378K, committed 2432K, reserved 1048576K
Event: 539.535 GC heap after
Heap after GC invocations=134 (full 39):
 PSYoungGen      total 462336K, used 222412K [0x00000000d5b00000, 0x0000000100000000, 0x0000000100000000)
  eden space 231424K, 96% used [0x00000000d5b00000,0x00000000e34331b0,0x00000000e3d00000)
  from space 230912K, 0% used [0x00000000e3d00000,0x00000000e3d00000,0x00000000f1e80000)
  to   space 230912K, 0% used [0x00000000f1e80000,0x00000000f1e80000,0x0000000100000000)
 ParOldGen       total 1387520K, used 1384661K [0x0000000081000000, 0x00000000d5b00000, 0x00000000d5b00000)
  object space 1387520K, 99% used [0x0000000081000000,0x00000000d58356f8,0x00000000d5b00000)
 Metaspace       used 24976K, capacity 25456K, committed 25728K, reserved 1073152K
  class space    used 2159K, capacity 2378K, committed 2432K, reserved 1048576K
}
Event: 539.540 GC heap before
{Heap before GC invocations=135 (full 40):
 PSYoungGen      total 462336K, used 223093K [0x00000000d5b00000, 0x0000000100000000, 0x0000000100000000)
  eden space 231424K, 96% used [0x00000000d5b00000,0x00000000e34dd500,0x00000000e3d00000)
  from space 230912K, 0% used [0x00000000e3d00000,0x00000000e3d00000,0x00000000f1e80000)
  to   space 230912K, 0% used [0x00000000f1e80000,0x00000000f1e80000,0x0000000100000000)
 ParOldGen       total 1387520K, used 1384661K [0x0000000081000000, 0x00000000d5b00000, 0x00000000d5b00000)
  object space 1387520K, 99% used [0x0000000081000000,0x00000000d58356f8,0x00000000d5b00000)
 Metaspace       used 24980K, capacity 25462K, committed 25728K, reserved 1073152K
  class space    used 2159K, capacity 2379K, committed 2432K, reserved 1048576K
Event: 541.968 GC heap after
Heap after GC invocations=135 (full 40):
 PSYoungGen      total 462336K, used 190486K [0x00000000d5b00000, 0x0000000100000000, 0x0000000100000000)
  eden space 231424K, 82% used [0x00000000d5b00000,0x00000000e15058e0,0x00000000e3d00000)
  from space 230912K, 0% used [0x00000000e3d00000,0x00000000e3d00000,0x00000000f1e80000)
  to   space 230912K, 0% used [0x00000000f1e80000,0x00000000f1e80000,0x0000000100000000)
 ParOldGen       total 1387520K, used 1384410K [0x0000000081000000, 0x00000000d5b00000, 0x00000000d5b00000)
  object space 1387520K, 99% used [0x0000000081000000,0x00000000d57f6928,0x00000000d5b00000)
 Metaspace       used 24980K, capacity 25462K, committed 25728K, reserved 1073152K
  class space    used 2159K, capacity 2379K, committed 2432K, reserved 1048576K
}
Event: 542.257 GC heap before
{Heap before GC invocations=136 (full 41):
 PSYoungGen      total 462336K, used 231424K [0x00000000d5b00000, 0x0000000100000000, 0x0000000100000000)
  eden space 231424K, 100% used [0x00000000d5b00000,0x00000000e3d00000,0x00000000e3d00000)
  from space 230912K, 0% used [0x00000000e3d00000,0x00000000e3d00000,0x00000000f1e80000)
  to   space 230912K, 0% used [0x00000000f1e80000,0x00000000f1e80000,0x0000000100000000)
 ParOldGen       total 1387520K, used 1384411K [0x0000000081000000, 0x00000000d5b00000, 0x00000000d5b00000)
  object space 1387520K, 99% used [0x0000000081000000,0x00000000d57f6f88,0x00000000d5b00000)
 Metaspace       used 25047K, capacity 25564K, committed 25728K, reserved 1073152K
  class space    used 2169K, capacity 2396K, committed 2432K, reserved 1048576K
Event: 544.418 GC heap after
Heap after GC invocations=136 (full 41):
 PSYoungGen      total 462336K, used 0K [0x00000000d5b00000, 0x0000000100000000, 0x0000000100000000)
  eden space 231424K, 0% used [0x00000000d5b00000,0x00000000d5b00000,0x00000000e3d00000)
  from space 230912K, 0% used [0x00000000e3d00000,0x00000000e3d00000,0x00000000f1e80000)
  to   space 230912K, 0% used [0x00000000f1e80000,0x00000000f1e80000,0x0000000100000000)
 ParOldGen       total 1387520K, used 1313571K [0x0000000081000000, 0x00000000d5b00000, 0x00000000d5b00000)
  object space 1387520K, 94% used [0x0000000081000000,0x00000000d12c8c88,0x00000000d5b00000)
 Metaspace       used 25047K, capacity 25564K, committed 25728K, reserved 1073152K
  class space    used 2169K, capacity 2396K, committed 2432K, reserved 1048576K
}
Event: 544.444 GC heap before
{Heap before GC invocations=137 (full 41):
 PSYoungGen      total 462336K, used 3496K [0x00000000d5b00000, 0x0000000100000000, 0x0000000100000000)
  eden space 231424K, 1% used [0x00000000d5b00000,0x00000000d5e6a0e8,0x00000000e3d00000)
  from space 230912K, 0% used [0x00000000e3d00000,0x00000000e3d00000,0x00000000f1e80000)
  to   space 230912K, 0% used [0x00000000f1e80000,0x00000000f1e80000,0x0000000100000000)
 ParOldGen       total 1387520K, used 1313571K [0x0000000081000000, 0x00000000d5b00000, 0x00000000d5b00000)
  object space 1387520K, 94% used [0x0000000081000000,0x00000000d12c8c88,0x00000000d5b00000)
 Metaspace       used 25047K, capacity 25564K, committed 25728K, reserved 1073152K
  class space    used 2169K, capacity 2396K, committed 2432K, reserved 1048576K
Event: 544.464 GC heap after
Heap after GC invocations=137 (full 41):
 PSYoungGen      total 462336K, used 2880K [0x00000000d5b00000, 0x0000000100000000, 0x0000000100000000)
  eden space 231424K, 0% used [0x00000000d5b00000,0x00000000d5b00000,0x00000000e3d00000)
  from space 230912K, 1% used [0x00000000f1e80000,0x00000000f2150000,0x0000000100000000)
  to   space 230912K, 0% used [0x00000000e3d00000,0x00000000e3d00000,0x00000000f1e80000)
 ParOldGen       total 1387520K, used 1313571K [0x0000000081000000, 0x00000000d5b00000, 0x00000000d5b00000)
  object space 1387520K, 94% used [0x0000000081000000,0x00000000d12c8c88,0x00000000d5b00000)
 Metaspace       used 25047K, capacity 25564K, committed 25728K, reserved 1073152K
  class space    used 2169K, capacity 2396K, committed 2432K, reserved 1048576K
}
Event: 544.464 GC heap before
{Heap before GC invocations=138 (full 42):
 PSYoungGen      total 462336K, used 2880K [0x00000000d5b00000, 0x0000000100000000, 0x0000000100000000)
  eden space 231424K, 0% used [0x00000000d5b00000,0x00000000d5b00000,0x00000000e3d00000)
  from space 230912K, 1% used [0x00000000f1e80000,0x00000000f2150000,0x0000000100000000)
  to   space 230912K, 0% used [0x00000000e3d00000,0x00000000e3d00000,0x00000000f1e80000)
 ParOldGen       total 1387520K, used 1313571K [0x0000000081000000, 0x00000000d5b00000, 0x00000000d5b00000)
  object space 1387520K, 94% used [0x0000000081000000,0x00000000d12c8c88,0x00000000d5b00000)
 Metaspace       used 25047K, capacity 25564K, committed 25728K, reserved 1073152K
  class space    used 2169K, capacity 2396K, committed 2432K, reserved 1048576K
Event: 545.582 GC heap after
Heap after GC invocations=138 (full 42):
 PSYoungGen      total 462336K, used 0K [0x00000000d5b00000, 0x0000000100000000, 0x0000000100000000)
  eden space 231424K, 0% used [0x00000000d5b00000,0x00000000d5b00000,0x00000000e3d00000)
  from space 230912K, 0% used [0x00000000f1e80000,0x00000000f1e80000,0x0000000100000000)
  to   space 230912K, 0% used [0x00000000e3d00000,0x00000000e3d00000,0x00000000f1e80000)
 ParOldGen       total 1387520K, used 1293876K [0x0000000081000000, 0x00000000d5b00000, 0x00000000d5b00000)
  object space 1387520K, 93% used [0x0000000081000000,0x00000000cff8d0b8,0x00000000d5b00000)
 Metaspace       used 25038K, capacity 25552K, committed 25728K, reserved 1073152K
  class space    used 2167K, capacity 2393K, committed 2432K, reserved 1048576K
}

